<?xml version="1.0" encoding="UTF-8"?>
<testsuite xmlns:xsi="http://www.w3.org/2001/XMLSchema-instance" xsi:noNamespaceSchemaLocation="https://maven.apache.org/surefire/maven-surefire-plugin/xsd/surefire-test-report-3.0.xsd" version="3.0" name="com.jobsportal.Jobs.JobsApplicationTests" time="5.568" tests="1" errors="0" skipped="0" failures="0">
  <properties>
[...]
</properties>
  <testcase name="contextLoads" classname="com.jobsportal.Jobs.JobsApplicationTests" time="1.161">
    <system-out><![CDATA[15:02:33.201 [main] INFO org.springframework.test.context.support.AnnotationConfigContextLoaderUtils -- Could not detect default configuration classes for test class [com.jobsportal.Jobs.JobsApplicationTests]: JobsApplicationTests does not declare any static, non-private, non-final, nested classes annotated with @Configuration.
15:02:33.305 [main] INFO org.springframework.boot.test.context.SpringBootTestContextBootstrapper -- Found @SpringBootConfiguration com.jobsportal.Jobs.JobsApplication for test class com.jobsportal.Jobs.JobsApplicationTests
15:02:33.550 [main] INFO org.springframework.boot.devtools.restart.RestartApplicationListener -- Restart disabled due to context in which it is running

  .   ____          _            __ _ _
 /\\ / ___'_ __ _ _(_)_ __  __ _ \ \ \ \
( ( )\___ | '_ | '_| | '_ \/ _` | \ \ \ \
 \\/  ___)| |_)| | | | | || (_| |  ) ) ) )
  '  |____| .__|_| |_|_| |_\__, | / / / /
 =========|_|==============|___/=/_/_/_/
 :: Spring Boot ::                (v3.2.3)

2024-03-21T15:02:33.921+05:30  INFO 9788 --- [           main] c.jobsportal.Jobs.JobsApplicationTests   : Starting JobsApplicationTests using Java 17.0.7 with PID 9788 (started by gagankumar03 in C:\Users\gagankumar03\Downloads\Jobs\Jobs)
2024-03-21T15:02:33.924+05:30  INFO 9788 --- [           main] c.jobsportal.Jobs.JobsApplicationTests   : No active profile set, falling back to 1 default profile: "default"
2024-03-21T15:02:34.555+05:30  INFO 9788 --- [           main] .s.d.r.c.RepositoryConfigurationDelegate : Bootstrapping Spring Data MongoDB repositories in DEFAULT mode.
2024-03-21T15:02:34.604+05:30  INFO 9788 --- [           main] .s.d.r.c.RepositoryConfigurationDelegate : Finished Spring Data repository scanning in 44 ms. Found 1 MongoDB repository interface.
2024-03-21T15:02:35.570+05:30  INFO 9788 --- [kaj.mongodb.net] org.mongodb.driver.cluster               : Adding discovered server ac-otawwwl-shard-00-02.iy3akaj.mongodb.net:27017 to client view of cluster
2024-03-21T15:02:35.598+05:30  INFO 9788 --- [           main] org.mongodb.driver.client                : MongoClient with metadata {"application": {"name": "Cluster0"}, "driver": {"name": "mongo-java-driver|sync|spring-boot", "version": "4.11.1"}, "os": {"type": "Windows", "name": "Windows 11", "architecture": "amd64", "version": "10.0"}, "platform": "Java/Oracle Corporation/17.0.7+8-LTS-224"} created with settings MongoClientSettings{readPreference=primary, writeConcern=WriteConcern{w=majority, wTimeout=null ms, journal=null}, retryWrites=true, retryReads=true, readConcern=ReadConcern{level=null}, credential=MongoCredential{mechanism=null, userName='gagan25398', source='admin', password=<hidden>, mechanismProperties=<hidden>}, transportSettings=null, streamFactoryFactory=null, commandListeners=[], codecRegistry=ProvidersCodecRegistry{codecProviders=[ValueCodecProvider{}, BsonValueCodecProvider{}, DBRefCodecProvider{}, DBObjectCodecProvider{}, DocumentCodecProvider{}, CollectionCodecProvider{}, IterableCodecProvider{}, MapCodecProvider{}, GeoJsonCodecProvider{}, GridFSFileCodecProvider{}, Jsr310CodecProvider{}, JsonObjectCodecProvider{}, BsonCodecProvider{}, EnumCodecProvider{}, com.mongodb.client.model.mql.ExpressionCodecProvider@72bd2871, com.mongodb.Jep395RecordCodecProvider@77429040, com.mongodb.KotlinCodecProvider@2d2b6960]}, loggerSettings=LoggerSettings{maxDocumentLength=1000}, clusterSettings={hosts=[127.0.0.1:27017], srvHost=cluster0.iy3akaj.mongodb.net, srvServiceName=mongodb, mode=MULTIPLE, requiredClusterType=REPLICA_SET, requiredReplicaSetName='atlas-1wil1h-shard-0', serverSelector='null', clusterListeners='[]', serverSelectionTimeout='30000 ms', localThreshold='15 ms'}, socketSettings=SocketSettings{connectTimeoutMS=10000, readTimeoutMS=0, receiveBufferSize=0, proxySettings=ProxySettings{host=null, port=null, username=null, password=null}}, heartbeatSocketSettings=SocketSettings{connectTimeoutMS=10000, readTimeoutMS=10000, receiveBufferSize=0, proxySettings=ProxySettings{host=null, port=null, username=null, password=null}}, connectionPoolSettings=ConnectionPoolSettings{maxSize=100, minSize=0, maxWaitTimeMS=120000, maxConnectionLifeTimeMS=0, maxConnectionIdleTimeMS=0, maintenanceInitialDelayMS=0, maintenanceFrequencyMS=60000, connectionPoolListeners=[], maxConnecting=2}, serverSettings=ServerSettings{heartbeatFrequencyMS=10000, minHeartbeatFrequencyMS=500, serverListeners='[]', serverMonitorListeners='[]'}, sslSettings=SslSettings{enabled=true, invalidHostNameAllowed=false, context=null}, applicationName='Cluster0', compressorList=[], uuidRepresentation=JAVA_LEGACY, serverApi=null, autoEncryptionSettings=null, dnsClient=null, inetAddressResolver=null, contextProvider=null}
2024-03-21T15:02:35.613+05:30  INFO 9788 --- [kaj.mongodb.net] org.mongodb.driver.cluster               : Adding discovered server ac-otawwwl-shard-00-01.iy3akaj.mongodb.net:27017 to client view of cluster
2024-03-21T15:02:35.617+05:30  INFO 9788 --- [kaj.mongodb.net] org.mongodb.driver.cluster               : Adding discovered server ac-otawwwl-shard-00-00.iy3akaj.mongodb.net:27017 to client view of cluster
2024-03-21T15:02:36.301+05:30  INFO 9788 --- [ngodb.net:27017] org.mongodb.driver.cluster               : Monitor thread successfully connected to server with description ServerDescription{address=ac-otawwwl-shard-00-00.iy3akaj.mongodb.net:27017, type=REPLICA_SET_SECONDARY, state=CONNECTED, ok=true, minWireVersion=0, maxWireVersion=21, maxDocumentSize=16777216, logicalSessionTimeoutMinutes=30, roundTripTimeNanos=361437100, setName='atlas-1wil1h-shard-0', canonicalAddress=ac-otawwwl-shard-00-00.iy3akaj.mongodb.net:27017, hosts=[ac-otawwwl-shard-00-01.iy3akaj.mongodb.net:27017, ac-otawwwl-shard-00-02.iy3akaj.mongodb.net:27017, ac-otawwwl-shard-00-00.iy3akaj.mongodb.net:27017], passives=[], arbiters=[], primary='ac-otawwwl-shard-00-01.iy3akaj.mongodb.net:27017', tagSet=TagSet{[Tag{name='availabilityZone', value='aps1-az1'}, Tag{name='diskState', value='READY'}, Tag{name='nodeType', value='ELECTABLE'}, Tag{name='provider', value='AWS'}, Tag{name='region', value='AP_SOUTH_1'}, Tag{name='workloadType', value='OPERATIONAL'}]}, electionId=null, setVersion=1, topologyVersion=TopologyVersion{processId=65fb09619a012d07424c484c, counter=4}, lastWriteDate=Thu Mar 21 15:02:36 IST 2024, lastUpdateTimeNanos=181938815721000}
2024-03-21T15:02:36.301+05:30  INFO 9788 --- [ngodb.net:27017] org.mongodb.driver.cluster               : Monitor thread successfully connected to server with description ServerDescription{address=ac-otawwwl-shard-00-01.iy3akaj.mongodb.net:27017, type=REPLICA_SET_PRIMARY, state=CONNECTED, ok=true, minWireVersion=0, maxWireVersion=21, maxDocumentSize=16777216, logicalSessionTimeoutMinutes=30, roundTripTimeNanos=357169700, setName='atlas-1wil1h-shard-0', canonicalAddress=ac-otawwwl-shard-00-01.iy3akaj.mongodb.net:27017, hosts=[ac-otawwwl-shard-00-01.iy3akaj.mongodb.net:27017, ac-otawwwl-shard-00-02.iy3akaj.mongodb.net:27017, ac-otawwwl-shard-00-00.iy3akaj.mongodb.net:27017], passives=[], arbiters=[], primary='ac-otawwwl-shard-00-01.iy3akaj.mongodb.net:27017', tagSet=TagSet{[Tag{name='availabilityZone', value='aps1-az3'}, Tag{name='diskState', value='READY'}, Tag{name='nodeType', value='ELECTABLE'}, Tag{name='provider', value='AWS'}, Tag{name='region', value='AP_SOUTH_1'}, Tag{name='workloadType', value='OPERATIONAL'}]}, electionId=7fffffff000000000000000e, setVersion=1, topologyVersion=TopologyVersion{processId=65fb0ac61333640bc3e84bbf, counter=6}, lastWriteDate=Thu Mar 21 15:02:36 IST 2024, lastUpdateTimeNanos=181938815890600}
2024-03-21T15:02:36.301+05:30  INFO 9788 --- [ngodb.net:27017] org.mongodb.driver.cluster               : Monitor thread successfully connected to server with description ServerDescription{address=ac-otawwwl-shard-00-02.iy3akaj.mongodb.net:27017, type=REPLICA_SET_SECONDARY, state=CONNECTED, ok=true, minWireVersion=0, maxWireVersion=21, maxDocumentSize=16777216, logicalSessionTimeoutMinutes=30, roundTripTimeNanos=362950600, setName='atlas-1wil1h-shard-0', canonicalAddress=ac-otawwwl-shard-00-02.iy3akaj.mongodb.net:27017, hosts=[ac-otawwwl-shard-00-01.iy3akaj.mongodb.net:27017, ac-otawwwl-shard-00-02.iy3akaj.mongodb.net:27017, ac-otawwwl-shard-00-00.iy3akaj.mongodb.net:27017], passives=[], arbiters=[], primary='ac-otawwwl-shard-00-01.iy3akaj.mongodb.net:27017', tagSet=TagSet{[Tag{name='availabilityZone', value='aps1-az2'}, Tag{name='diskState', value='READY'}, Tag{name='nodeType', value='ELECTABLE'}, Tag{name='provider', value='AWS'}, Tag{name='region', value='AP_SOUTH_1'}, Tag{name='workloadType', value='OPERATIONAL'}]}, electionId=null, setVersion=1, topologyVersion=TopologyVersion{processId=65fb0c0bbc10020791fcf7aa, counter=3}, lastWriteDate=Thu Mar 21 15:02:36 IST 2024, lastUpdateTimeNanos=181938815943800}
2024-03-21T15:02:36.307+05:30  INFO 9788 --- [ngodb.net:27017] org.mongodb.driver.cluster               : Discovered replica set primary ac-otawwwl-shard-00-01.iy3akaj.mongodb.net:27017 with max election id 7fffffff000000000000000e and max set version 1
2024-03-21T15:02:36.958+05:30  INFO 9788 --- [           main] o.s.s.web.DefaultSecurityFilterChain     : Will secure any request with [org.springframework.security.web.session.DisableEncodeUrlFilter@356b6b5d, org.springframework.security.web.context.request.async.WebAsyncManagerIntegrationFilter@37b1149b, org.springframework.security.web.context.SecurityContextHolderFilter@6164e137, org.springframework.security.web.header.HeaderWriterFilter@7103745, org.springframework.web.filter.CorsFilter@1187dc82, org.springframework.security.web.authentication.logout.LogoutFilter@505d2bac, com.jobsportal.Jobs.filter.JwtAuthFilter@6fd1ea75, org.springframework.security.web.savedrequest.RequestCacheAwareFilter@3d8d970e, org.springframework.security.web.servletapi.SecurityContextHolderAwareRequestFilter@2fac80a8, org.springframework.security.web.authentication.AnonymousAuthenticationFilter@18e4551, org.springframework.security.web.session.SessionManagementFilter@b428830, org.springframework.security.web.access.ExceptionTranslationFilter@2b458cd6, org.springframework.security.web.access.intercept.AuthorizationFilter@11d2714a]
2024-03-21T15:02:37.402+05:30  INFO 9788 --- [           main] c.jobsportal.Jobs.JobsApplicationTests   : Started JobsApplicationTests in 3.873 seconds (process running for 4.972)
]]></system-out>
  </testcase>
</testsuite>